#
# A fatal error has been detected by the Java Runtime Environment:
#
#  SIGSEGV (0xb) at pc=0x00007fff71f80e9d, pid=26252, tid=0x0000000000000307
#
# JRE version: Java(TM) SE Runtime Environment (8.0_171-b11) (build 1.8.0_171-b11)
# Java VM: Java HotSpot(TM) 64-Bit Server VM (25.171-b11 mixed mode bsd-amd64 compressed oops)
# Problematic frame:
# C  [libobjc.A.dylib+0x6e9d]  objc_msgSend+0x1d
#
# Failed to write core dump. Core dumps have been disabled. To enable core dumping, try "ulimit -c unlimited" before starting Java again
#
# If you would like to submit a bug report, please visit:
#   http://bugreport.java.com/bugreport/crash.jsp
# The crash happened outside the Java Virtual Machine in native code.
# See problematic frame for where to report the bug.
#

---------------  T H R E A D  ---------------

Current thread (0x00007f84992c6000):  JavaThread "AWT-AppKit" daemon [_thread_in_native, id=775, stack(0x00007ffeeb90b000,0x00007ffeec10b000)]

siginfo: si_signo: 11 (SIGSEGV), si_code: 1 (SEGV_MAPERR), si_addr: 0x0000000000000018

Registers:
RAX=0x00007fff71f81004, RBX=0x000000010d5307a8, RCX=0x00007f849779eda0, RDX=0x000000010ec33560
RSP=0x00007ffeec1060f8, RBP=0x00007ffeec1061b0, RSI=0x00007fff48f9b31e, RDI=0x00007f849779eda0
R8 =0x0000000000000000, R9 =0x0000000000000000, R10=0x0000000000000000, R11=0x00007fff48f9b31e
R12=0x0000000000000000, R13=0x000000010d5307a8, R14=0x00007ffeec106260, R15=0x00007f84992c6000
RIP=0x00007fff71f80e9d, EFLAGS=0x0000000000010246, ERR=0x0000000000000004
  TRAPNO=0x000000000000000e

Top of Stack: (sp=0x00007ffeec1060f8)
0x00007ffeec1060f8:   000000010ec2c770 00007ffeec106150
0x00007ffeec106108:   0000000000000003 00007ffeec106130
0x00007ffeec106118:   0000000104d434a2 000000010ec33500
0x00007ffeec106128:   00007f84977ad310 00007f849779eda0
0x00007ffeec106138:   00007f84977605b0 00007fffa53dd900
0x00007ffeec106148:   00007f84977605b0 00007fffa65ad808
0x00007ffeec106158:   00007fffa65ad808 00007f849779eda0
0x00007ffeec106168:   000000010d5307a8 00007f84992c6000
0x00007ffeec106178:   000000010d5307a8 000000010d5307a8
0x00007ffeec106188:   000000010d5307a8 00007f84977ad310
0x00007ffeec106198:   00007f849779eda0 00007ffeec106238
0x00007ffeec1061a8:   00007f84992c61f8 00007ffeec106228
0x00007ffeec1061b8:   000000010ecff667 000000010d5307a8
0x00007ffeec1061c8:   00007ffeec106260 00007ffeec106228
0x00007ffeec1061d8:   000000010ecff3c7 000000010ecff382
0x00007ffeec1061e8:   00007ffeec1061e8 000000010d5307a8
0x00007ffeec1061f8:   00007ffeec106260 000000010d5ab490
0x00007ffeec106208:   0000000000000000 000000010d5307a8
0x00007ffeec106218:   0000000000000000 00007ffeec106248
0x00007ffeec106228:   00007ffeec1062a8 000000010ecef2bd
0x00007ffeec106238:   000000076f4a45d0 000000010ecf8d18
0x00007ffeec106248:   00007f84977ad310 00007ffeec1062a8
0x00007ffeec106258:   00007f849779eda0 000000010ecfa782
0x00007ffeec106268:   00007ffeec106268 000000010d530972
0x00007ffeec106278:   00007ffeec1062d0 000000010d5ab490
0x00007ffeec106288:   0000000000000000 000000010d530980
0x00007ffeec106298:   00007ffeec106248 00007ffeec1062b8
0x00007ffeec1062a8:   00007ffeec106318 000000010ecef2bd
0x00007ffeec1062b8:   00007f84977ad310 000000076f4b93b8
0x00007ffeec1062c8:   00007f849779eda0 000000076f4b93b8
0x00007ffeec1062d8:   00007ffeec1062d8 000000017489fa9e
0x00007ffeec1062e8:   00007ffeec106328 000000017489fb50 

Instructions: (pc=0x00007fff71f80e9d)
0x00007fff71f80e7d:   0f 1f 00 48 85 ff 2e 74 62 40 f6 c7 01 2e 75 66
0x00007fff71f80e8d:   49 ba f8 ff ff ff ff 7f 00 00 4c 23 17 49 89 f3
0x00007fff71f80e9d:   45 23 5a 18 49 c1 e3 04 4d 03 5a 10 49 3b 33 75
0x00007fff71f80ead:   04 41 ff 63 08 49 83 3b 01 76 0d 49 83 c3 10 49 

Register to memory mapping:

RAX=0x00007fff71f81004: objc_msgSend_fixedup+0 in /usr/lib/libobjc.A.dylib at 0x00007fff71f7a000
RBX={method} {0x000000010d5307a8} 'UnsetJAWTRootSurfaceLayer0' '(JJ)V' in 'jogamp/nativewindow/jawt/macosx/MacOSXJAWTWindow'
RCX=0x00007f849779eda0 is an unknown value
RDX=0x000000010ec33560: OBJC_IVAR_$_MainRunnable.runnableObj+0x450 in /private/var/folders/pt/ry48qcps0c3b54937ldy6r580000gn/T/jogamp_0000/file_cache/jln4193626583595085357/jln1186895927982964995/libnativewindow_macosx.jnilib at 0x000000010ec28000
RSP=0x00007ffeec1060f8 is pointing into the stack for thread: 0x00007f84992c6000
RBP=0x00007ffeec1061b0 is pointing into the stack for thread: 0x00007f84992c6000
RSI=0x00007fff48f9b31e: .str.41.llvm.C4DC25C8+0x43861 in /System/Library/Frameworks/AppKit.framework/Versions/C/AppKit at 0x00007fff482c1000
RDI=0x00007f849779eda0 is an unknown value
R8 =0x0000000000000000 is an unknown value
R9 =0x0000000000000000 is an unknown value
R10=0x0000000000000000 is an unknown value
R11=0x00007fff48f9b31e: .str.41.llvm.C4DC25C8+0x43861 in /System/Library/Frameworks/AppKit.framework/Versions/C/AppKit at 0x00007fff482c1000
R12=0x0000000000000000 is an unknown value
R13={method} {0x000000010d5307a8} 'UnsetJAWTRootSurfaceLayer0' '(JJ)V' in 'jogamp/nativewindow/jawt/macosx/MacOSXJAWTWindow'
R14=0x00007ffeec106260 is pointing into the stack for thread: 0x00007f84992c6000
R15=0x00007f84992c6000 is a thread


Stack: [0x00007ffeeb90b000,0x00007ffeec10b000],  sp=0x00007ffeec1060f8,  free space=8172k
Native frames: (J=compiled Java code, j=interpreted, Vv=VM code, C=native code)
C  [libobjc.A.dylib+0x6e9d]  objc_msgSend+0x1d
j  jogamp.nativewindow.jawt.macosx.MacOSXJAWTWindow.UnsetJAWTRootSurfaceLayer0(JJ)V+0
j  jogamp.nativewindow.jawt.macosx.MacOSXJAWTWindow.access$200(JJ)V+2
j  jogamp.nativewindow.jawt.macosx.MacOSXJAWTWindow$1.run()V+38
j  com.jogamp.common.util.RunnableTask.run()V+24
v  ~StubRoutines::call_stub
V  [libjvm.dylib+0x2ef1f6]
V  [libjvm.dylib+0x32651c]
V  [libjvm.dylib+0x318cff]
C  [libnativewindow_macosx.jnilib+0x49fd]  Java_jogamp_nativewindow_jawt_macosx_MacOSXJAWTWindow_UnsetJAWTRootSurfaceLayer0+0x38d
C  [Foundation+0x682b5]  __NSThreadPerformPerform+0x14e
C  [CoreFoundation+0xa3a11]  __CFRUNLOOP_IS_CALLING_OUT_TO_A_SOURCE0_PERFORM_FUNCTION__+0x11
C  [CoreFoundation+0x15d42c]  __CFRunLoopDoSource0+0x6c
C  [CoreFoundation+0x864cc]  __CFRunLoopDoSources0+0x12c
C  [CoreFoundation+0x858ed]  __CFRunLoopRun+0x50d
C  [CoreFoundation+0x85153]  CFRunLoopRunSpecific+0x1e3
C  [HIToolbox+0x2fd96]  RunCurrentEventLoopInMode+0x11e
C  [HIToolbox+0x2fb06]  ReceiveNextEventCommon+0x265
C  [HIToolbox+0x2f884]  _BlockUntilNextEventMatchingListInModeWithFilter+0x40
C  [AppKit+0x41a73]  _DPSNextEvent+0x825
C  [AppKit+0x7d7e34]  -[NSApplication(NSEvent) _nextEventMatchingEventMask:untilDate:inMode:dequeue:]+0xbe4
C  [libosxapp.dylib+0x2328]  -[NSApplicationAWT nextEventMatchingMask:untilDate:inMode:dequeue:]+0x7c
C  [AppKit+0x36885]  -[NSApplication run]+0x2fc
C  [libosxapp.dylib+0x1f72]  +[NSApplicationAWT runAWTLoopWithApp:]+0x9c
C  [libawt_lwawt.dylib+0x4711f]  -[AWTStarter starter:]+0x389
C  [Foundation+0x682b5]  __NSThreadPerformPerform+0x14e
C  [CoreFoundation+0xa3a11]  __CFRUNLOOP_IS_CALLING_OUT_TO_A_SOURCE0_PERFORM_FUNCTION__+0x11
C  [CoreFoundation+0x15d42c]  __CFRunLoopDoSource0+0x6c
C  [CoreFoundation+0x86470]  __CFRunLoopDoSources0+0xd0
C  [CoreFoundation+0x858ed]  __CFRunLoopRun+0x50d
C  [CoreFoundation+0x85153]  CFRunLoopRunSpecific+0x1e3
C  [java+0x6472]  CreateExecutionEnvironment+0x367
C  [java+0x207c]  JLI_Launch+0x7a0
C  [java+0x84cf]  main+0x65
C  [java+0x18d4]  start+0x34
C  0x0000000000000003

Java frames: (J=compiled Java code, j=interpreted, Vv=VM code)
j  jogamp.nativewindow.jawt.macosx.MacOSXJAWTWindow.UnsetJAWTRootSurfaceLayer0(JJ)V+0
j  jogamp.nativewindow.jawt.macosx.MacOSXJAWTWindow.access$200(JJ)V+2
j  jogamp.nativewindow.jawt.macosx.MacOSXJAWTWindow$1.run()V+38
j  com.jogamp.common.util.RunnableTask.run()V+24
v  ~StubRoutines::call_stub

---------------  P R O C E S S  ---------------

Java Threads: ( => current thread )
  0x00007f8499469000 JavaThread "AWT-EventQueue-0-AWTAnimator" [_thread_blocked, id=88323, stack(0x00007000066f9000,0x00007000067f9000)]
  0x00007f8498ab0000 JavaThread "SoundManager" [_thread_blocked, id=87811, stack(0x00007000065f6000,0x00007000066f6000)]
  0x00007f8499432800 JavaThread "Java Sound Event Dispatcher" daemon [_thread_blocked, id=62731, stack(0x0000700006470000,0x0000700006570000)]
  0x00007f8497972000 JavaThread "Java2D Disposer" daemon [_thread_blocked, id=75279, stack(0x00007000062bf000,0x00007000063bf000)]
  0x00007f8497800000 JavaThread "Java2D Queue Flusher" daemon [_thread_blocked, id=77831, stack(0x00007000061bc000,0x00007000062bc000)]
  0x00007f849930c000 JavaThread "DestroyJavaVM" [_thread_blocked, id=6147, stack(0x00007000049ee000,0x0000700004aee000)]
  0x00007f84978f9000 JavaThread "Networked Game Thread" [_thread_blocked, id=83263, stack(0x00007000060b9000,0x00007000061b9000)]
  0x00007f84978cc000 JavaThread "AWT-Shutdown" [_thread_blocked, id=27435, stack(0x0000700005d27000,0x0000700005e27000)]
=>0x00007f84992c6000 JavaThread "AWT-AppKit" daemon [_thread_in_native, id=775, stack(0x00007ffeeb90b000,0x00007ffeec10b000)]
  0x00007f8498002000 JavaThread "Service Thread" daemon [_thread_blocked, id=15619, stack(0x0000700005b21000,0x0000700005c21000)]
  0x00007f849887c000 JavaThread "C1 CompilerThread3" daemon [_thread_blocked, id=15363, stack(0x0000700005a1e000,0x0000700005b1e000)]
  0x00007f849801a000 JavaThread "C2 CompilerThread2" daemon [_thread_blocked, id=16387, stack(0x000070000591b000,0x0000700005a1b000)]
  0x00007f8498861800 JavaThread "C2 CompilerThread1" daemon [_thread_blocked, id=14851, stack(0x0000700005818000,0x0000700005918000)]
  0x00007f8498860000 JavaThread "C2 CompilerThread0" daemon [_thread_blocked, id=17155, stack(0x0000700005715000,0x0000700005815000)]
  0x00007f8498856800 JavaThread "Signal Dispatcher" daemon [_thread_blocked, id=17667, stack(0x0000700005612000,0x0000700005712000)]
  0x00007f849884d000 JavaThread "Finalizer" daemon [_thread_blocked, id=12291, stack(0x000070000550f000,0x000070000560f000)]
  0x00007f849884a800 JavaThread "Reference Handler" daemon [_thread_blocked, id=12035, stack(0x000070000540c000,0x000070000550c000)]

Other Threads:
  0x00007f8498845800 VMThread [stack: 0x0000700005309000,0x0000700005409000] [id=19459]
  0x00007f849802b800 WatcherThread [stack: 0x0000700005c24000,0x0000700005d24000] [id=21763]

VM state:not at safepoint (normal execution)

VM Mutex/Monitor currently owned by a thread: None

Heap:
 PSYoungGen      total 71168K, used 21091K [0x000000076ab00000, 0x000000076fc80000, 0x00000007c0000000)
  eden space 62464K, 20% used [0x000000076ab00000,0x000000076b76a308,0x000000076e800000)
  from space 8704K, 96% used [0x000000076f400000,0x000000076fc2e9a0,0x000000076fc80000)
  to   space 9728K, 0% used [0x000000076e980000,0x000000076e980000,0x000000076f300000)
 ParOldGen       total 175104K, used 56K [0x00000006c0000000, 0x00000006cab00000, 0x000000076ab00000)
  object space 175104K, 0% used [0x00000006c0000000,0x00000006c000e000,0x00000006cab00000)
 Metaspace       used 19746K, capacity 20038K, committed 20352K, reserved 1067008K
  class space    used 2022K, capacity 2120K, committed 2176K, reserved 1048576K

Card table byte_map: [0x0000000105f6e000,0x000000010676f000] byte_map_base: 0x000000010296e000

Marking Bits: (ParMarkBitMap*) 0x00000001054f76e0
 Begin Bits: [0x000000011dce7000, 0x0000000121ce7000)
 End Bits:   [0x0000000121ce7000, 0x0000000125ce7000)

Polling page: 0x0000000103bac000

CodeCache: size=245760Kb used=11702Kb max_used=12165Kb free=234057Kb
 bounds [0x000000010ece7000, 0x000000010f8e7000, 0x000000011dce7000]
 total_blobs=3633 nmethods=2754 adapters=792
 compilation: enabled

Compilation events (10 events):
Event: 163.792 Thread 0x00007f849887c000 3392       3       quantum.gfx.Renderer::allocatePlayerColor (139 bytes)
Event: 163.794 Thread 0x00007f849887c000 nmethod 3392 0x000000010f0cf650 code [0x000000010f0cfa20, 0x000000010f0d1d58]
Event: 163.808 Thread 0x00007f849887c000 3393       1       sun.awt.AWTAccessor::getSequencedEventAccessor (4 bytes)
Event: 163.808 Thread 0x00007f849887c000 nmethod 3393 0x000000010f1df5d0 code [0x000000010f1df720, 0x000000010f1df830]
Event: 166.827 Thread 0x00007f849801a000 3394       4       quantum.gfx.Renderer::centerCamera (211 bytes)
Event: 166.854 Thread 0x00007f849801a000 nmethod 3394 0x000000010f14bb50 code [0x000000010f14be80, 0x000000010f14dcc0]
Event: 166.867 Thread 0x00007f8498861800 3395       4       sun.misc.URLClassPath::getResource (83 bytes)
Event: 166.868 Thread 0x00007f849887c000 3396       3       java.lang.Class::getInterfaces (41 bytes)
Event: 166.868 Thread 0x00007f849887c000 nmethod 3396 0x000000010f0ceed0 code [0x000000010f0cf080, 0x000000010f0cf4d8]
Event: 166.869 Thread 0x00007f8498861800 nmethod 3395 0x000000010f4fcf90 code [0x000000010f4fd100, 0x000000010f4fd3e8]

GC Heap History (10 events):
Event: 44.297 GC heap before
{Heap before GC invocations=2 (full 0):
 PSYoungGen      total 76288K, used 74170K [0x000000076ab00000, 0x0000000770000000, 0x00000007c0000000)
  eden space 65536K, 100% used [0x000000076ab00000,0x000000076eb00000,0x000000076eb00000)
  from space 10752K, 80% used [0x000000076eb00000,0x000000076f36e800,0x000000076f580000)
  to   space 10752K, 0% used [0x000000076f580000,0x000000076f580000,0x0000000770000000)
 ParOldGen       total 175104K, used 16K [0x00000006c0000000, 0x00000006cab00000, 0x000000076ab00000)
  object space 175104K, 0% used [0x00000006c0000000,0x00000006c0004000,0x00000006cab00000)
 Metaspace       used 18932K, capacity 19238K, committed 19456K, reserved 1067008K
  class space    used 1945K, capacity 2040K, committed 2048K, reserved 1048576K
Event: 44.304 GC heap after
Heap after GC invocations=2 (full 0):
 PSYoungGen      total 76288K, used 7781K [0x000000076ab00000, 0x0000000770000000, 0x00000007c0000000)
  eden space 65536K, 0% used [0x000000076ab00000,0x000000076ab00000,0x000000076eb00000)
  from space 10752K, 72% used [0x000000076f580000,0x000000076fd197b8,0x0000000770000000)
  to   space 10752K, 0% used [0x000000076eb00000,0x000000076eb00000,0x000000076f580000)
 ParOldGen       total 175104K, used 24K [0x00000006c0000000, 0x00000006cab00000, 0x000000076ab00000)
  object space 175104K, 0% used [0x00000006c0000000,0x00000006c0006000,0x00000006cab00000)
 Metaspace       used 18932K, capacity 19238K, committed 19456K, reserved 1067008K
  class space    used 1945K, capacity 2040K, committed 2048K, reserved 1048576K
}
Event: 66.330 GC heap before
{Heap before GC invocations=3 (full 0):
 PSYoungGen      total 76288K, used 73317K [0x000000076ab00000, 0x0000000770000000, 0x00000007c0000000)
  eden space 65536K, 100% used [0x000000076ab00000,0x000000076eb00000,0x000000076eb00000)
  from space 10752K, 72% used [0x000000076f580000,0x000000076fd197b8,0x0000000770000000)
  to   space 10752K, 0% used [0x000000076eb00000,0x000000076eb00000,0x000000076f580000)
 ParOldGen       total 175104K, used 24K [0x00000006c0000000, 0x00000006cab00000, 0x000000076ab00000)
  object space 175104K, 0% used [0x00000006c0000000,0x00000006c0006000,0x00000006cab00000)
 Metaspace       used 19431K, capacity 19840K, committed 20096K, reserved 1067008K
  class space    used 1988K, capacity 2119K, committed 2176K, reserved 1048576K
Event: 66.336 GC heap after
Heap after GC invocations=3 (full 0):
 PSYoungGen      total 76288K, used 8919K [0x000000076ab00000, 0x0000000770000000, 0x00000007c0000000)
  eden space 65536K, 0% used [0x000000076ab00000,0x000000076ab00000,0x000000076eb00000)
  from space 10752K, 82% used [0x000000076eb00000,0x000000076f3b5f60,0x000000076f580000)
  to   space 10752K, 0% used [0x000000076f580000,0x000000076f580000,0x0000000770000000)
 ParOldGen       total 175104K, used 32K [0x00000006c0000000, 0x00000006cab00000, 0x000000076ab00000)
  object space 175104K, 0% used [0x00000006c0000000,0x00000006c0008000,0x00000006cab00000)
 Metaspace       used 19431K, capacity 19840K, committed 20096K, reserved 1067008K
  class space    used 1988K, capacity 2119K, committed 2176K, reserved 1048576K
}
Event: 97.739 GC heap before
{Heap before GC invocations=4 (full 0):
 PSYoungGen      total 76288K, used 74455K [0x000000076ab00000, 0x0000000770000000, 0x00000007c0000000)
  eden space 65536K, 100% used [0x000000076ab00000,0x000000076eb00000,0x000000076eb00000)
  from space 10752K, 82% used [0x000000076eb00000,0x000000076f3b5f60,0x000000076f580000)
  to   space 10752K, 0% used [0x000000076f580000,0x000000076f580000,0x0000000770000000)
 ParOldGen       total 175104K, used 32K [0x00000006c0000000, 0x00000006cab00000, 0x000000076ab00000)
  object space 175104K, 0% used [0x00000006c0000000,0x00000006c0008000,0x00000006cab00000)
 Metaspace       used 19495K, capacity 19840K, committed 20096K, reserved 1067008K
  class space    used 1989K, capacity 2119K, committed 2176K, reserved 1048576K
Event: 97.744 GC heap after
Heap after GC invocations=4 (full 0):
 PSYoungGen      total 76288K, used 8725K [0x000000076ab00000, 0x0000000770000000, 0x00000007c0000000)
  eden space 65536K, 0% used [0x000000076ab00000,0x000000076ab00000,0x000000076eb00000)
  from space 10752K, 81% used [0x000000076f580000,0x000000076fe05790,0x0000000770000000)
  to   space 10752K, 0% used [0x000000076eb00000,0x000000076eb00000,0x000000076f580000)
 ParOldGen       total 175104K, used 40K [0x00000006c0000000, 0x00000006cab00000, 0x000000076ab00000)
  object space 175104K, 0% used [0x00000006c0000000,0x00000006c000a000,0x00000006cab00000)
 Metaspace       used 19495K, capacity 19840K, committed 20096K, reserved 1067008K
  class space    used 1989K, capacity 2119K, committed 2176K, reserved 1048576K
}
Event: 127.365 GC heap before
{Heap before GC invocations=5 (full 0):
 PSYoungGen      total 76288K, used 74261K [0x000000076ab00000, 0x0000000770000000, 0x00000007c0000000)
  eden space 65536K, 100% used [0x000000076ab00000,0x000000076eb00000,0x000000076eb00000)
  from space 10752K, 81% used [0x000000076f580000,0x000000076fe05790,0x0000000770000000)
  to   space 10752K, 0% used [0x000000076eb00000,0x000000076eb00000,0x000000076f580000)
 ParOldGen       total 175104K, used 40K [0x00000006c0000000, 0x00000006cab00000, 0x000000076ab00000)
  object space 175104K, 0% used [0x00000006c0000000,0x00000006c000a000,0x00000006cab00000)
 Metaspace       used 19535K, capacity 19904K, committed 20096K, reserved 1067008K
  class space    used 1992K, capacity 2119K, committed 2176K, reserved 1048576K
Event: 127.371 GC heap after
Heap after GC invocations=5 (full 0):
 PSYoungGen      total 73216K, used 8999K [0x000000076ab00000, 0x000000076fc80000, 0x00000007c0000000)
  eden space 64000K, 0% used [0x000000076ab00000,0x000000076ab00000,0x000000076e980000)
  from space 9216K, 97% used [0x000000076eb00000,0x000000076f3c9e50,0x000000076f400000)
  to   space 8704K, 0% used [0x000000076f400000,0x000000076f400000,0x000000076fc80000)
 ParOldGen       total 175104K, used 48K [0x00000006c0000000, 0x00000006cab00000, 0x000000076ab00000)
  object space 175104K, 0% used [0x00000006c0000000,0x00000006c000c000,0x00000006cab00000)
 Metaspace       used 19535K, capacity 19904K, committed 20096K, reserved 1067008K
  class space    used 1992K, capacity 2119K, committed 2176K, reserved 1048576K
}
Event: 160.429 GC heap before
{Heap before GC invocations=6 (full 0):
 PSYoungGen      total 73216K, used 72999K [0x000000076ab00000, 0x000000076fc80000, 0x00000007c0000000)
  eden space 64000K, 100% used [0x000000076ab00000,0x000000076e980000,0x000000076e980000)
  from space 9216K, 97% used [0x000000076eb00000,0x000000076f3c9e50,0x000000076f400000)
  to   space 8704K, 0% used [0x000000076f400000,0x000000076f400000,0x000000076fc80000)
 ParOldGen       total 175104K, used 48K [0x00000006c0000000, 0x00000006cab00000, 0x000000076ab00000)
  object space 175104K, 0% used [0x00000006c0000000,0x00000006c000c000,0x00000006cab00000)
 Metaspace       used 19708K, capacity 20038K, committed 20352K, reserved 1067008K
  class space    used 2016K, capacity 2120K, committed 2176K, reserved 1048576K
Event: 160.436 GC heap after
Heap after GC invocations=6 (full 0):
 PSYoungGen      total 71168K, used 8378K [0x000000076ab00000, 0x000000076fc80000, 0x00000007c0000000)
  eden space 62464K, 0% used [0x000000076ab00000,0x000000076ab00000,0x000000076e800000)
  from space 8704K, 96% used [0x000000076f400000,0x000000076fc2e9a0,0x000000076fc80000)
  to   space 9728K, 0% used [0x000000076e980000,0x000000076e980000,0x000000076f300000)
 ParOldGen       total 175104K, used 56K [0x00000006c0000000, 0x00000006cab00000, 0x000000076ab00000)
  object space 175104K, 0% used [0x00000006c0000000,0x00000006c000e000,0x00000006cab00000)
 Metaspace       used 19708K, capacity 20038K, committed 20352K, reserved 1067008K
  class space    used 2016K, capacity 2120K, committed 2176K, reserved 1048576K
}

Deoptimization events (10 events):
Event: 166.866 Thread 0x00007f84978f9000 Uncommon trap: reason=unstable_if action=reinterpret pc=0x000000010ef990e4 method=javax.media.opengl.Threading.invoke(ZLjava/lang/Runnable;Ljava/lang/Object;)V @ 9
Event: 166.866 Thread 0x00007f84978f9000 Uncommon trap: reason=unstable_if action=reinterpret pc=0x000000010ef1bff0 method=jogamp.opengl.GLContextImpl.makeCurrent(Z)I @ 264
Event: 166.867 Thread 0x00007f84992c6000 Uncommon trap: reason=class_check action=maybe_recompile pc=0x000000010f4aa880 method=com.jogamp.common.util.RunnableTask.run()V @ 24
Event: 166.867 Thread 0x00007f84992c6000 Uncommon trap: reason=unstable_if action=reinterpret pc=0x000000010f596f34 method=jogamp.nativewindow.macosx.OSXUtil.RunOnMainThread(ZLjava/lang/Runnable;)V @ 3
Event: 166.867 Thread 0x00007f84978f9000 Uncommon trap: reason=unstable_if action=reinterpret pc=0x000000010f5becf0 method=jogamp.opengl.GLContextImpl.release(Z)V @ 257
Event: 166.868 Thread 0x00007f84978f9000 Uncommon trap: reason=unstable_if action=reinterpret pc=0x000000010f8acea8 method=java.lang.reflect.Method.invoke(Ljava/lang/Object;[Ljava/lang/Object;)Ljava/lang/Object; @ 4
Event: 166.869 Thread 0x00007f84978f9000 Uncommon trap: reason=unstable_if action=reinterpret pc=0x000000010f2649a4 method=java.awt.EventQueue.getPriority(Ljava/awt/AWTEvent;)I @ 22
Event: 166.869 Thread 0x00007f84978f9000 Uncommon trap: reason=unstable_if action=reinterpret pc=0x000000010f7b014c method=java.awt.EventQueue.getPriority(Ljava/awt/AWTEvent;)I @ 71
Event: 166.871 Thread 0x00007f8498ac4800 Uncommon trap: reason=bimorphic action=maybe_recompile pc=0x000000010f1cc8d0 method=java.util.AbstractCollection.toArray([Ljava/lang/Object;)[Ljava/lang/Object; @ 1
Event: 166.871 Thread 0x00007f84992c6000 Uncommon trap: reason=class_check action=maybe_recompile pc=0x000000010f4aa880 method=com.jogamp.common.util.RunnableTask.run()V @ 24

Classes redefined (0 events):
No events

Internal exceptions (10 events):
Event: 0.670 Thread 0x00007f84992d7000 Exception <a 'java/lang/reflect/InvocationTargetException'> (0x000000076bd2a930) thrown at [/Users/java_re/workspace/8-2-build-macosx-x86_64/jdk8u171/10807/hotspot/src/share/vm/runtime/reflection.cpp, line 1092]
Event: 1.617 Thread 0x00007f84978f9000 Exception <a 'java/io/FileNotFoundException'> (0x000000076d2ff210) thrown at [/Users/java_re/workspace/8-2-build-macosx-x86_64/jdk8u171/10807/hotspot/src/share/vm/prims/jni.cpp, line 709]
Event: 3.381 Thread 0x00007f84978f9000 Implicit null exception at 0x000000010f0acc22 to 0x000000010f0aceb1
Event: 6.326 Thread 0x00007f849884d000 Exception <a 'java/lang/NullPointerException'> (0x000000076ad5f700) thrown at [/Users/java_re/workspace/8-2-build-macosx-x86_64/jdk8u171/10807/hotspot/src/share/vm/interpreter/linkResolver.cpp, line 1185]
Event: 9.718 Thread 0x00007f84978f9000 Exception <a 'java/lang/NullPointerException'> (0x000000076b4ccdf0) thrown at [/Users/java_re/workspace/8-2-build-macosx-x86_64/jdk8u171/10807/hotspot/src/share/vm/interpreter/linkResolver.cpp, line 1185]
Event: 9.719 Thread 0x00007f84978f9000 Implicit null exception at 0x000000010f210a22 to 0x000000010f210e5d
Event: 9.750 Thread 0x00007f84978f9000 Implicit null exception at 0x000000010f206abe to 0x000000010f207ab9
Event: 9.814 Thread 0x00007f84978f9000 Implicit null exception at 0x000000010f19a78e to 0x000000010f19a975
Event: 119.677 Thread 0x00007f84978f9000 Implicit null exception at 0x000000010f8882a4 to 0x000000010f888bfd
Event: 119.740 Thread 0x00007f84978f9000 Implicit null exception at 0x000000010f101ef4 to 0x000000010f101f4b

Events (10 events):
Event: 166.872 Executing VM operation: RevokeBias
Event: 166.872 Executing VM operation: RevokeBias done
Event: 166.872 loading class com/jogamp/nativewindow/egl/EGLGraphicsDevice$EGLDisplayLifecycleCallback
Event: 166.872 loading class com/jogamp/nativewindow/egl/EGLGraphicsDevice$EGLDisplayLifecycleCallback done
Event: 166.872 Executing VM operation: RevokeBias
Event: 166.872 Executing VM operation: RevokeBias done
Event: 166.872 Executing VM operation: RevokeBias
Event: 166.872 Executing VM operation: RevokeBias done
Event: 166.872 Executing VM operation: RevokeBias
Event: 166.872 Executing VM operation: RevokeBias done


Dynamic libraries:
0x00000000231c8000 	/System/Library/Frameworks/Cocoa.framework/Versions/A/Cocoa
0x00000000231c8000 	/System/Library/Frameworks/Security.framework/Versions/A/Security
0x00000000231c8000 	/System/Library/Frameworks/ApplicationServices.framework/Versions/A/ApplicationServices
0x00000000231c8000 	/usr/lib/libz.1.dylib
0x00000000231c8000 	/usr/lib/libSystem.B.dylib
0x00000000231c8000 	/usr/lib/libobjc.A.dylib
0x00000000231c8000 	/System/Library/Frameworks/CoreFoundation.framework/Versions/A/CoreFoundation
0x00000000231c8000 	/System/Library/Frameworks/Foundation.framework/Versions/C/Foundation
0x00000000231c8000 	/System/Library/Frameworks/AppKit.framework/Versions/C/AppKit
0x00000000231c8000 	/System/Library/Frameworks/CoreData.framework/Versions/A/CoreData
0x00000000231c8000 	/System/Library/PrivateFrameworks/RemoteViewServices.framework/Versions/A/RemoteViewServices
0x00000000231c8000 	/System/Library/PrivateFrameworks/UIFoundation.framework/Versions/A/UIFoundation
0x00000000231c8000 	/System/Library/PrivateFrameworks/DFRFoundation.framework/Versions/A/DFRFoundation
0x00000000231c8000 	/System/Library/Frameworks/Metal.framework/Versions/A/Metal
0x00000000231c8000 	/System/Library/PrivateFrameworks/DesktopServicesPriv.framework/Versions/A/DesktopServicesPriv
0x00000000231c8000 	/usr/lib/libenergytrace.dylib
0x00000000231c8000 	/System/Library/PrivateFrameworks/SkyLight.framework/Versions/A/SkyLight
0x00000000231c8000 	/System/Library/Frameworks/CoreGraphics.framework/Versions/A/CoreGraphics
0x00000000231c8000 	/usr/lib/libScreenReader.dylib
0x00000000231c8000 	/System/Library/Frameworks/Accelerate.framework/Versions/A/Accelerate
0x00000000231c8000 	/System/Library/Frameworks/IOSurface.framework/Versions/A/IOSurface
0x00000000231c8000 	/System/Library/Frameworks/AudioToolbox.framework/Versions/A/AudioToolbox
0x00000000231c8000 	/System/Library/Frameworks/AudioUnit.framework/Versions/A/AudioUnit
0x00000000231c8000 	/System/Library/PrivateFrameworks/DataDetectorsCore.framework/Versions/A/DataDetectorsCore
0x00000000231c8000 	/System/Library/Frameworks/Carbon.framework/Versions/A/Frameworks/HIToolbox.framework/Versions/A/HIToolbox
0x00000000231c8000 	/usr/lib/libicucore.A.dylib
0x00000000231c8000 	/System/Library/Frameworks/QuartzCore.framework/Versions/A/QuartzCore
0x00000000231c8000 	/System/Library/PrivateFrameworks/SignpostNotification.framework/Versions/A/SignpostNotification
0x00000000231c8000 	/System/Library/Frameworks/Carbon.framework/Versions/A/Frameworks/SpeechRecognition.framework/Versions/A/SpeechRecognition
0x00000000231c8000 	/usr/lib/libauto.dylib
0x00000000231c8000 	/usr/lib/libxml2.2.dylib
0x00000000231c8000 	/System/Library/PrivateFrameworks/CoreUI.framework/Versions/A/CoreUI
0x00000000231c8000 	/System/Library/Frameworks/CoreAudio.framework/Versions/A/CoreAudio
0x00000000231c8000 	/System/Library/Frameworks/DiskArbitration.framework/Versions/A/DiskArbitration
0x00000000231c8000 	/usr/lib/liblangid.dylib
0x00000000231c8000 	/System/Library/PrivateFrameworks/MultitouchSupport.framework/Versions/A/MultitouchSupport
0x00000000231c8000 	/System/Library/Frameworks/IOKit.framework/Versions/A/IOKit
0x00000000231c8000 	/usr/lib/libDiagnosticMessagesClient.dylib
0x00000000231c8000 	/System/Library/Frameworks/CoreServices.framework/Versions/A/CoreServices
0x00000000231c8000 	/System/Library/PrivateFrameworks/PerformanceAnalysis.framework/Versions/A/PerformanceAnalysis
0x00000000231c8000 	/System/Library/Frameworks/OpenGL.framework/Versions/A/OpenGL
0x00000000231c8000 	/System/Library/Frameworks/ColorSync.framework/Versions/A/ColorSync
0x00000000231c8000 	/System/Library/Frameworks/CoreImage.framework/Versions/A/CoreImage
0x00000000231c8000 	/System/Library/Frameworks/CoreText.framework/Versions/A/CoreText
0x00000000231c8000 	/System/Library/Frameworks/ImageIO.framework/Versions/A/ImageIO
0x00000000231c8000 	/System/Library/PrivateFrameworks/Backup.framework/Versions/A/Backup
0x00000000231c8000 	/usr/lib/libarchive.2.dylib
0x00000000231c8000 	/System/Library/Frameworks/CFNetwork.framework/Versions/A/CFNetwork
0x00000000231c8000 	/System/Library/Frameworks/SystemConfiguration.framework/Versions/A/SystemConfiguration
0x00000000231c8000 	/usr/lib/libCRFSuite.dylib
0x00000000231c8000 	/usr/lib/libc++.1.dylib
0x00000000231c8000 	/usr/lib/libc++abi.dylib
0x00000000231c8000 	/usr/lib/system/libcache.dylib
0x00000000231c8000 	/usr/lib/system/libcommonCrypto.dylib
0x00000000231c8000 	/usr/lib/system/libcompiler_rt.dylib
0x00000000231c8000 	/usr/lib/system/libcopyfile.dylib
0x00000000231c8000 	/usr/lib/system/libcorecrypto.dylib
0x00000000231c8000 	/usr/lib/system/libdispatch.dylib
0x00000000231c8000 	/usr/lib/system/libdyld.dylib
0x00000000231c8000 	/usr/lib/system/libkeymgr.dylib
0x00000000231c8000 	/usr/lib/system/liblaunch.dylib
0x00000000231c8000 	/usr/lib/system/libmacho.dylib
0x00000000231c8000 	/usr/lib/system/libquarantine.dylib
0x00000000231c8000 	/usr/lib/system/libremovefile.dylib
0x00000000231c8000 	/usr/lib/system/libsystem_asl.dylib
0x00000000231c8000 	/usr/lib/system/libsystem_blocks.dylib
0x00000000231c8000 	/usr/lib/system/libsystem_c.dylib
0x00000000231c8000 	/usr/lib/system/libsystem_configuration.dylib
0x00000000231c8000 	/usr/lib/system/libsystem_coreservices.dylib
0x00000000231c8000 	/usr/lib/system/libsystem_darwin.dylib
0x00000000231c8000 	/usr/lib/system/libsystem_dnssd.dylib
0x00000000231c8000 	/usr/lib/system/libsystem_info.dylib
0x00000000231c8000 	/usr/lib/system/libsystem_m.dylib
0x00000000231c8000 	/usr/lib/system/libsystem_malloc.dylib
0x00000000231c8000 	/usr/lib/system/libsystem_network.dylib
0x00000000231c8000 	/usr/lib/system/libsystem_networkextension.dylib
0x00000000231c8000 	/usr/lib/system/libsystem_notify.dylib
0x00000000231c8000 	/usr/lib/system/libsystem_sandbox.dylib
0x00000000231c8000 	/usr/lib/system/libsystem_secinit.dylib
0x00000000231c8000 	/usr/lib/system/libsystem_kernel.dylib
0x00000000231c8000 	/usr/lib/system/libsystem_platform.dylib
0x00000000231c8000 	/usr/lib/system/libsystem_pthread.dylib
0x00000000231c8000 	/usr/lib/system/libsystem_symptoms.dylib
0x00000000231c8000 	/usr/lib/system/libsystem_trace.dylib
0x00000000231c8000 	/usr/lib/system/libunwind.dylib
0x00000000231c8000 	/usr/lib/system/libxpc.dylib
0x00000000231c8000 	/usr/lib/closure/libclosured.dylib
0x00000000231c8000 	/usr/lib/libbsm.0.dylib
0x00000000231c8000 	/usr/lib/system/libkxld.dylib
0x00000000231c8000 	/usr/lib/libOpenScriptingUtil.dylib
0x00000000231c8000 	/usr/lib/libcoretls.dylib
0x00000000231c8000 	/usr/lib/libcoretls_cfhelpers.dylib
0x00000000231c8000 	/usr/lib/libpam.2.dylib
0x00000000231c8000 	/usr/lib/libsqlite3.dylib
0x00000000231c8000 	/usr/lib/libxar.1.dylib
0x00000000231c8000 	/usr/lib/libbz2.1.0.dylib
0x00000000231c8000 	/usr/lib/liblzma.5.dylib
0x00000000231c8000 	/usr/lib/libnetwork.dylib
0x00000000231c8000 	/usr/lib/libapple_nghttp2.dylib
0x00000000231c8000 	/usr/lib/libpcap.A.dylib
0x00000000231c8000 	/usr/lib/libboringssl.dylib
0x00000000231c8000 	/usr/lib/libusrtcp.dylib
0x00000000231c8000 	/usr/lib/libapple_crypto.dylib
0x00000000231c8000 	/System/Library/Frameworks/CoreServices.framework/Versions/A/Frameworks/FSEvents.framework/Versions/A/FSEvents
0x00000000231c8000 	/System/Library/Frameworks/CoreServices.framework/Versions/A/Frameworks/CarbonCore.framework/Versions/A/CarbonCore
0x00000000231c8000 	/System/Library/Frameworks/CoreServices.framework/Versions/A/Frameworks/Metadata.framework/Versions/A/Metadata
0x00000000231c8000 	/System/Library/Frameworks/CoreServices.framework/Versions/A/Frameworks/OSServices.framework/Versions/A/OSServices
0x00000000231c8000 	/System/Library/Frameworks/CoreServices.framework/Versions/A/Frameworks/SearchKit.framework/Versions/A/SearchKit
0x00000000231c8000 	/System/Library/Frameworks/CoreServices.framework/Versions/A/Frameworks/AE.framework/Versions/A/AE
0x00000000231c8000 	/System/Library/Frameworks/CoreServices.framework/Versions/A/Frameworks/LaunchServices.framework/Versions/A/LaunchServices
0x00000000231c8000 	/System/Library/Frameworks/CoreServices.framework/Versions/A/Frameworks/DictionaryServices.framework/Versions/A/DictionaryServices
0x00000000231c8000 	/System/Library/Frameworks/CoreServices.framework/Versions/A/Frameworks/SharedFileList.framework/Versions/A/SharedFileList
0x00000000231c8000 	/System/Library/Frameworks/NetFS.framework/Versions/A/NetFS
0x00000000231c8000 	/System/Library/PrivateFrameworks/NetAuth.framework/Versions/A/NetAuth
0x00000000231c8000 	/System/Library/PrivateFrameworks/login.framework/Versions/A/Frameworks/loginsupport.framework/Versions/A/loginsupport
0x00000000231c8000 	/System/Library/PrivateFrameworks/TCC.framework/Versions/A/TCC
0x00000000231c8000 	/usr/lib/libmecabra.dylib
0x00000000231c8000 	/System/Library/Frameworks/ApplicationServices.framework/Versions/A/Frameworks/ATS.framework/Versions/A/ATS
0x00000000231c8000 	/System/Library/Frameworks/ApplicationServices.framework/Versions/A/Frameworks/ColorSyncLegacy.framework/Versions/A/ColorSyncLegacy
0x00000000231c8000 	/System/Library/Frameworks/ApplicationServices.framework/Versions/A/Frameworks/HIServices.framework/Versions/A/HIServices
0x00000000231c8000 	/System/Library/Frameworks/ApplicationServices.framework/Versions/A/Frameworks/LangAnalysis.framework/Versions/A/LangAnalysis
0x00000000231c8000 	/System/Library/Frameworks/ApplicationServices.framework/Versions/A/Frameworks/PrintCore.framework/Versions/A/PrintCore
0x00000000231c8000 	/System/Library/Frameworks/ApplicationServices.framework/Versions/A/Frameworks/QD.framework/Versions/A/QD
0x00000000231c8000 	/System/Library/Frameworks/ApplicationServices.framework/Versions/A/Frameworks/SpeechSynthesis.framework/Versions/A/SpeechSynthesis
0x00000000231c8000 	/System/Library/Frameworks/CoreDisplay.framework/Versions/A/CoreDisplay
0x00000000231c8000 	/System/Library/Frameworks/Accelerate.framework/Versions/A/Frameworks/vImage.framework/Versions/A/vImage
0x00000000231c8000 	/System/Library/Frameworks/Accelerate.framework/Versions/A/Frameworks/vecLib.framework/Versions/A/vecLib
0x00000000231c8000 	/System/Library/Frameworks/Accelerate.framework/Versions/A/Frameworks/vecLib.framework/Versions/A/libvDSP.dylib
0x00000000231c8000 	/System/Library/Frameworks/Accelerate.framework/Versions/A/Frameworks/vecLib.framework/Versions/A/libBNNS.dylib
0x00000000231c8000 	/System/Library/Frameworks/Accelerate.framework/Versions/A/Frameworks/vecLib.framework/Versions/A/libQuadrature.dylib
0x00000000231c8000 	/System/Library/Frameworks/Accelerate.framework/Versions/A/Frameworks/vecLib.framework/Versions/A/libvMisc.dylib
0x00000000231c8000 	/System/Library/Frameworks/Accelerate.framework/Versions/A/Frameworks/vecLib.framework/Versions/A/libLAPACK.dylib
0x00000000231c8000 	/System/Library/Frameworks/Accelerate.framework/Versions/A/Frameworks/vecLib.framework/Versions/A/libBLAS.dylib
0x00000000231c8000 	/System/Library/Frameworks/Accelerate.framework/Versions/A/Frameworks/vecLib.framework/Versions/A/libLinearAlgebra.dylib
0x00000000231c8000 	/System/Library/Frameworks/Accelerate.framework/Versions/A/Frameworks/vecLib.framework/Versions/A/libSparse.dylib
0x00000000231c8000 	/System/Library/Frameworks/Accelerate.framework/Versions/A/Frameworks/vecLib.framework/Versions/A/libSparseBLAS.dylib
0x00000000231c8000 	/System/Library/PrivateFrameworks/GPUWrangler.framework/Versions/A/GPUWrangler
0x00000000231c8000 	/System/Library/PrivateFrameworks/IOAccelerator.framework/Versions/A/IOAccelerator
0x00000000231c8000 	/System/Library/PrivateFrameworks/IOPresentment.framework/Versions/A/IOPresentment
0x00000000231c8000 	/System/Library/PrivateFrameworks/DSExternalDisplay.framework/Versions/A/DSExternalDisplay
0x00000000231c8000 	/System/Library/Frameworks/OpenGL.framework/Versions/A/Libraries/libCoreFSCache.dylib
0x00000000231c8000 	/System/Library/Frameworks/CoreVideo.framework/Versions/A/CoreVideo
0x00000000231c8000 	/System/Library/PrivateFrameworks/GraphVisualizer.framework/Versions/A/GraphVisualizer
0x00000000231c8000 	/System/Library/Frameworks/MetalPerformanceShaders.framework/Versions/A/MetalPerformanceShaders
0x00000000231c8000 	/usr/lib/libFosl_dynamic.dylib
0x00000000231c8000 	/System/Library/PrivateFrameworks/FaceCore.framework/Versions/A/FaceCore
0x00000000231c8000 	/System/Library/Frameworks/OpenCL.framework/Versions/A/OpenCL
0x00000000231c8000 	/usr/lib/libcompression.dylib
0x00000000231c8000 	/System/Library/Frameworks/ApplicationServices.framework/Versions/A/Frameworks/ATS.framework/Versions/A/Resources/libFontParser.dylib
0x00000000231c8000 	/System/Library/Frameworks/ApplicationServices.framework/Versions/A/Frameworks/ATS.framework/Versions/A/Resources/libFontRegistry.dylib
0x00000000231c8000 	/System/Library/Frameworks/ImageIO.framework/Versions/A/Resources/libJPEG.dylib
0x00000000231c8000 	/System/Library/Frameworks/ImageIO.framework/Versions/A/Resources/libTIFF.dylib
0x00000000231c8000 	/System/Library/Frameworks/ImageIO.framework/Versions/A/Resources/libPng.dylib
0x00000000231c8000 	/System/Library/Frameworks/ImageIO.framework/Versions/A/Resources/libGIF.dylib
0x00000000231c8000 	/System/Library/Frameworks/ImageIO.framework/Versions/A/Resources/libJP2.dylib
0x00000000231c8000 	/System/Library/Frameworks/ImageIO.framework/Versions/A/Resources/libRadiance.dylib
0x00000000231c8000 	/System/Library/PrivateFrameworks/AppleJPEG.framework/Versions/A/AppleJPEG
0x00000000231c8000 	/System/Library/Frameworks/MetalPerformanceShaders.framework/Frameworks/MPSCore.framework/Versions/A/MPSCore
0x00000000231c8000 	/System/Library/Frameworks/MetalPerformanceShaders.framework/Frameworks/MPSImage.framework/Versions/A/MPSImage
0x00000000231c8000 	/System/Library/Frameworks/MetalPerformanceShaders.framework/Frameworks/MPSNeuralNetwork.framework/Versions/A/MPSNeuralNetwork
0x00000000231c8000 	/System/Library/Frameworks/MetalPerformanceShaders.framework/Frameworks/MPSMatrix.framework/Versions/A/MPSMatrix
0x00000000231c8000 	/System/Library/PrivateFrameworks/MetalTools.framework/Versions/A/MetalTools
0x00000000231c8000 	/System/Library/Frameworks/OpenGL.framework/Versions/A/Libraries/libGLU.dylib
0x00000000231c8000 	/System/Library/Frameworks/OpenGL.framework/Versions/A/Libraries/libGFXShared.dylib
0x00000000231c8000 	/System/Library/Frameworks/OpenGL.framework/Versions/A/Libraries/libGL.dylib
0x00000000231c8000 	/System/Library/Frameworks/OpenGL.framework/Versions/A/Libraries/libGLImage.dylib
0x00000000231c8000 	/System/Library/Frameworks/OpenGL.framework/Versions/A/Libraries/libCVMSPluginSupport.dylib
0x00000000231c8000 	/System/Library/Frameworks/OpenGL.framework/Versions/A/Libraries/libCoreVMClient.dylib
0x00000000231c8000 	/usr/lib/libcups.2.dylib
0x00000000231c8000 	/System/Library/Frameworks/Kerberos.framework/Versions/A/Kerberos
0x00000000231c8000 	/System/Library/Frameworks/GSS.framework/Versions/A/GSS
0x00000000231c8000 	/usr/lib/libresolv.9.dylib
0x00000000231c8000 	/usr/lib/libiconv.2.dylib
0x00000000231c8000 	/System/Library/PrivateFrameworks/Heimdal.framework/Versions/A/Heimdal
0x00000000231c8000 	/usr/lib/libheimdal-asn1.dylib
0x00000000231c8000 	/System/Library/Frameworks/OpenDirectory.framework/Versions/A/OpenDirectory
0x00000000231c8000 	/System/Library/PrivateFrameworks/CommonAuth.framework/Versions/A/CommonAuth
0x00000000231c8000 	/System/Library/Frameworks/OpenDirectory.framework/Versions/A/Frameworks/CFOpenDirectory.framework/Versions/A/CFOpenDirectory
0x00000000231c8000 	/System/Library/Frameworks/SecurityFoundation.framework/Versions/A/SecurityFoundation
0x00000000231c8000 	/System/Library/PrivateFrameworks/APFS.framework/Versions/A/APFS
0x00000000231c8000 	/usr/lib/libutil.dylib
0x00000000231c8000 	/System/Library/PrivateFrameworks/AppleSauce.framework/Versions/A/AppleSauce
0x00000000231c8000 	/System/Library/PrivateFrameworks/LinguisticData.framework/Versions/A/LinguisticData
0x00000000231c8000 	/usr/lib/libmarisa.dylib
0x00000000231c8000 	/System/Library/PrivateFrameworks/Lexicon.framework/Versions/A/Lexicon
0x00000000231c8000 	/usr/lib/libChineseTokenizer.dylib
0x00000000231c8000 	/usr/lib/libcmph.dylib
0x00000000231c8000 	/System/Library/PrivateFrameworks/LanguageModeling.framework/Versions/A/LanguageModeling
0x00000000231c8000 	/System/Library/PrivateFrameworks/CoreEmoji.framework/Versions/A/CoreEmoji
0x00000000231c8000 	/System/Library/Frameworks/ServiceManagement.framework/Versions/A/ServiceManagement
0x00000000231c8000 	/System/Library/PrivateFrameworks/BackgroundTaskManagement.framework/Versions/A/BackgroundTaskManagement
0x00000000231c8000 	/usr/lib/libxslt.1.dylib
0x00000000231c8000 	/System/Library/Frameworks/Carbon.framework/Versions/A/Frameworks/Ink.framework/Versions/A/Ink
0x00000000231c8000 	/System/Library/PrivateFrameworks/TextureIO.framework/Versions/A/TextureIO
0x00000000231c8000 	/usr/lib/libate.dylib
0x00000000231c8000 	/System/Library/PrivateFrameworks/CrashReporterSupport.framework/Versions/A/CrashReporterSupport
0x00000000231c8000 	/System/Library/PrivateFrameworks/Sharing.framework/Versions/A/Sharing
0x00000000231c8000 	/System/Library/PrivateFrameworks/IconServices.framework/Versions/A/IconServices
0x00000000231c8000 	/System/Library/PrivateFrameworks/AuthKit.framework/Versions/A/AuthKit
0x00000000231c8000 	/System/Library/PrivateFrameworks/Apple80211.framework/Versions/A/Apple80211
0x00000000231c8000 	/System/Library/PrivateFrameworks/CoreUtils.framework/Versions/A/CoreUtils
0x00000000231c8000 	/System/Library/Frameworks/CoreWLAN.framework/Versions/A/CoreWLAN
0x00000000231c8000 	/System/Library/Frameworks/IOBluetooth.framework/Versions/A/IOBluetooth
0x00000000231c8000 	/System/Library/PrivateFrameworks/ProtocolBuffer.framework/Versions/A/ProtocolBuffer
0x00000000231c8000 	/System/Library/PrivateFrameworks/MobileKeyBag.framework/Versions/A/MobileKeyBag
0x00000000231c8000 	/System/Library/PrivateFrameworks/CorePhoneNumbers.framework/Versions/A/CorePhoneNumbers
0x00000000231c8000 	/System/Library/PrivateFrameworks/AppleIDAuthSupport.framework/Versions/A/AppleIDAuthSupport
0x00000000231c8000 	/System/Library/PrivateFrameworks/KeychainCircle.framework/Versions/A/KeychainCircle
0x00000000231c8000 	/System/Library/PrivateFrameworks/CoreWiFi.framework/Versions/A/CoreWiFi
0x00000000231c8000 	/System/Library/Frameworks/CoreBluetooth.framework/Versions/A/CoreBluetooth
0x00000000231c8000 	/System/Library/PrivateFrameworks/DebugSymbols.framework/Versions/A/DebugSymbols
0x00000000231c8000 	/System/Library/PrivateFrameworks/CoreSymbolication.framework/Versions/A/CoreSymbolication
0x00000000231c8000 	/System/Library/PrivateFrameworks/Symbolication.framework/Versions/A/Symbolication
0x00000000231c8000 	/System/Library/PrivateFrameworks/AppleFSCompression.framework/Versions/A/AppleFSCompression
0x00000000231c8000 	/System/Library/PrivateFrameworks/SpeechRecognitionCore.framework/Versions/A/SpeechRecognitionCore
0x0000000104c00000 	/Library/Java/JavaVirtualMachines/jdk1.8.0_171.jdk/Contents/Home/jre/lib/server/libjvm.dylib
0x00000000231c8000 	/usr/lib/libstdc++.6.0.9.dylib
0x0000000103b68000 	/Library/Java/JavaVirtualMachines/jdk1.8.0_171.jdk/Contents/Home/jre/lib/libverify.dylib
0x0000000103b76000 	/Library/Java/JavaVirtualMachines/jdk1.8.0_171.jdk/Contents/Home/jre/lib/libjava.dylib
0x0000000103bf6000 	/Library/Java/JavaVirtualMachines/jdk1.8.0_171.jdk/Contents/Home/jre/lib/libzip.dylib
0x000000010b64e000 	/Library/Java/JavaVirtualMachines/jdk1.8.0_171.jdk/Contents/Home/jre/lib/libawt.dylib
0x000000010b6f8000 	/Library/Java/JavaVirtualMachines/jdk1.8.0_171.jdk/Contents/Home/jre/lib/./libmlib_image.dylib
0x00000000231c8000 	/System/Library/Frameworks/JavaVM.framework/Versions/A/Frameworks/JavaNativeFoundation.framework/Versions/A/JavaNativeFoundation
0x00000000231c8000 	/System/Library/Frameworks/JavaVM.framework/Versions/A/Frameworks/JavaRuntimeSupport.framework/Versions/A/JavaRuntimeSupport
0x00000000231c8000 	/System/Library/Frameworks/JavaVM.framework/Versions/A/JavaVM
0x00000000231c8000 	/System/Library/PrivateFrameworks/JavaLaunching.framework/Versions/A/JavaLaunching
0x00000000231c8000 	/System/Library/Frameworks/Carbon.framework/Versions/A/Carbon
0x00000000231c8000 	/System/Library/Frameworks/Carbon.framework/Versions/A/Frameworks/CommonPanels.framework/Versions/A/CommonPanels
0x00000000231c8000 	/System/Library/Frameworks/Carbon.framework/Versions/A/Frameworks/Help.framework/Versions/A/Help
0x00000000231c8000 	/System/Library/Frameworks/Carbon.framework/Versions/A/Frameworks/ImageCapture.framework/Versions/A/ImageCapture
0x00000000231c8000 	/System/Library/Frameworks/Carbon.framework/Versions/A/Frameworks/OpenScripting.framework/Versions/A/OpenScripting
0x00000000231c8000 	/System/Library/Frameworks/Carbon.framework/Versions/A/Frameworks/Print.framework/Versions/A/Print
0x00000000231c8000 	/System/Library/Frameworks/Carbon.framework/Versions/A/Frameworks/SecurityHI.framework/Versions/A/SecurityHI
0x000000010b7c4000 	/Library/Java/JavaVirtualMachines/jdk1.8.0_171.jdk/Contents/Home/jre/lib/libawt_lwawt.dylib
0x000000010b87e000 	/Library/Java/JavaVirtualMachines/jdk1.8.0_171.jdk/Contents/Home/jre/lib/./libosxapp.dylib
0x00000000231c8000 	/System/Library/Frameworks/ExceptionHandling.framework/Versions/A/ExceptionHandling
0x00000000231c8000 	/System/Library/PrivateFrameworks/CoreServicesInternal.framework/Versions/A/CoreServicesInternal
0x00000000231c8000 	/System/Library/CoreServices/RawCamera.bundle/Contents/MacOS/RawCamera
0x00000000231c8000 	/System/Library/PrivateFrameworks/MobileAsset.framework/Versions/A/MobileAsset
0x00000000231c8000 	/System/Library/PrivateFrameworks/StreamingZip.framework/Versions/A/StreamingZip
0x00000000231c8000 	/System/Library/Frameworks/MediaToolbox.framework/Versions/A/MediaToolbox
0x00000000231c8000 	/System/Library/PrivateFrameworks/CoreAVCHD.framework/Versions/A/CoreAVCHD
0x00000000231c8000 	/System/Library/Frameworks/MediaAccessibility.framework/Versions/A/MediaAccessibility
0x00000000231c8000 	/System/Library/PrivateFrameworks/Mangrove.framework/Versions/A/Mangrove
0x00000000231c8000 	/System/Library/Frameworks/CoreMedia.framework/Versions/A/CoreMedia
0x00000000231c8000 	/System/Library/Frameworks/VideoToolbox.framework/Versions/A/VideoToolbox
0x00000000231c8000 	/System/Library/PrivateFrameworks/CoreAUC.framework/Versions/A/CoreAUC
0x00000000231c8000 	/usr/lib/libspindump.dylib
0x00000000231c8000 	/System/Library/PrivateFrameworks/AppleVA.framework/Versions/A/AppleVA
0x00000000231c8000 	/System/Library/Frameworks/Accelerate.framework/Versions/A/Frameworks/vImage.framework/Versions/A/Libraries/libCGInterfaces.dylib
0x00000000231c8000 	/System/Library/Frameworks/ApplicationServices.framework/Versions/A/Frameworks/ATS.framework/Versions/A/Resources/libTrueTypeScaler.dylib
0x00000000231c8000 	/System/Library/Extensions/AppleIntelHD5000GraphicsMTLDriver.bundle/Contents/MacOS/AppleIntelHD5000GraphicsMTLDriver
0x000000010d877000 	/System/Library/Extensions/AMDMTLBronzeDriver.bundle/Contents/MacOS/AMDMTLBronzeDriver
0x00000000231c8000 	/System/Library/PrivateFrameworks/IOAccelMemoryInfo.framework/Versions/A/IOAccelMemoryInfo
0x00000000231c8000 	/System/Library/PrivateFrameworks/GPUCompiler.framework/Versions/3802/Libraries/libmetal_timestamp.dylib
0x00000000231c8000 	/System/Library/PrivateFrameworks/FamilyControls.framework/Versions/A/FamilyControls
0x00000000231c8000 	/System/Library/PrivateFrameworks/CommerceKit.framework/Versions/A/Frameworks/CommerceCore.framework/Versions/A/CommerceCore
0x00000000231c8000 	/System/Library/PrivateFrameworks/SystemAdministration.framework/Versions/A/SystemAdministration
0x00000000231c8000 	/System/Library/PrivateFrameworks/AppContainer.framework/Versions/A/AppContainer
0x00000000231c8000 	/System/Library/PrivateFrameworks/SecCodeWrapper.framework/Versions/A/SecCodeWrapper
0x00000000231c8000 	/System/Library/PrivateFrameworks/DiskManagement.framework/Versions/A/DiskManagement
0x00000000231c8000 	/System/Library/Frameworks/DirectoryService.framework/Versions/A/DirectoryService
0x00000000231c8000 	/System/Library/PrivateFrameworks/DiskImages.framework/Versions/A/DiskImages
0x00000000231c8000 	/System/Library/PrivateFrameworks/LoginUIKit.framework/Versions/A/Frameworks/LoginUICore.framework/Versions/A/LoginUICore
0x00000000231c8000 	/usr/lib/libCoreStorage.dylib
0x00000000231c8000 	/usr/lib/libcsfde.dylib
0x00000000231c8000 	/usr/lib/libodfde.dylib
0x00000000231c8000 	/System/Library/PrivateFrameworks/MediaKit.framework/Versions/A/MediaKit
0x00000000231c8000 	/System/Library/Frameworks/DiscRecording.framework/Versions/A/DiscRecording
0x00000000231c8000 	/System/Library/PrivateFrameworks/EFILogin.framework/Versions/A/EFILogin
0x00000000231c8000 	/System/Library/PrivateFrameworks/ProtectedCloudStorage.framework/Versions/A/ProtectedCloudStorage
0x00000000231c8000 	/usr/lib/libcurl.4.dylib
0x00000000231c8000 	/usr/lib/libcrypto.35.dylib
0x00000000231c8000 	/usr/lib/libssl.35.dylib
0x00000000231c8000 	/System/Library/Frameworks/LDAP.framework/Versions/A/LDAP
0x00000000231c8000 	/System/Library/PrivateFrameworks/TrustEvaluationAgent.framework/Versions/A/TrustEvaluationAgent
0x00000000231c8000 	/usr/lib/libsasl2.2.dylib
0x00000000231c8000 	/System/Library/PrivateFrameworks/CoreDaemon.framework/Versions/B/CoreDaemon
0x00000000231c8000 	/System/Library/PrivateFrameworks/AppleSRP.framework/Versions/A/AppleSRP
0x000000010dba4000 	/Library/Java/JavaVirtualMachines/jdk1.8.0_171.jdk/Contents/Home/jre/lib/libfontmanager.dylib
0x00000000231c8000 	/System/Library/Frameworks/OpenGL.framework/Versions/A/Resources/GLEngine.bundle/GLEngine
0x00000000231c8000 	/System/Library/Frameworks/OpenGL.framework/Versions/A/Libraries/libGLProgrammability.dylib
0x000000010dc0b000 	/System/Library/Extensions/AppleIntelHD5000GraphicsGLDriver.bundle/Contents/MacOS/AppleIntelHD5000GraphicsGLDriver
0x00000000231c8000 	/System/Library/PrivateFrameworks/GPUSupport.framework/Versions/A/Libraries/libGPUSupportMercury.dylib
0x000000010e373000 	/System/Library/Extensions/AMDRadeonX4000GLDriver.bundle/Contents/MacOS/AMDRadeonX4000GLDriver
0x00000000231c8000 	/System/Library/Extensions/AMDRadeonX4000GLDriver.bundle/Contents/MacOS/ATIRadeonX4000SCLib.dylib
0x00000000231c8000 	/System/Library/Frameworks/OpenGL.framework/Versions/A/Resources/GLRendererFloat.bundle/GLRendererFloat
0x00000000231c8000 	/System/Library/Frameworks/OpenCL.framework/Versions/A/Libraries/libcldcpuengine.dylib
0x000000010e55a000 	/Library/Java/JavaVirtualMachines/jdk1.8.0_171.jdk/Contents/Home/jre/lib/libosxui.dylib
0x000000010ebae000 	/Library/Java/JavaVirtualMachines/jdk1.8.0_171.jdk/Contents/Home/jre/lib/libnet.dylib
0x000000010ec0d000 	/Library/Java/JavaVirtualMachines/jdk1.8.0_171.jdk/Contents/Home/jre/lib/libnio.dylib
0x00000000231c8000 	/System/Library/PrivateFrameworks/ViewBridge.framework/Versions/A/ViewBridge
0x000000010ec1d000 	/private/var/folders/pt/ry48qcps0c3b54937ldy6r580000gn/T/jogamp_0000/file_cache/jln4193626583595085357/jln1186895927982964995/libgluegen-rt.jnilib
0x000000010ec21000 	/private/var/folders/pt/ry48qcps0c3b54937ldy6r580000gn/T/jogamp_0000/file_cache/jln4193626583595085357/jln1186895927982964995/libnativewindow_awt.jnilib
0x000000010ec25000 	/Library/Java/JavaVirtualMachines/jdk1.8.0_171.jdk/Contents/Home/jre/lib/libjawt.dylib
0x000000010ec28000 	/private/var/folders/pt/ry48qcps0c3b54937ldy6r580000gn/T/jogamp_0000/file_cache/jln4193626583595085357/jln1186895927982964995/libnativewindow_macosx.jnilib
0x0000000126732000 	/private/var/folders/pt/ry48qcps0c3b54937ldy6r580000gn/T/jogamp_0000/file_cache/jln4193626583595085357/jln1186895927982964995/libjogl_desktop.jnilib
0x000000010d673000 	/Library/Java/JavaVirtualMachines/jdk1.8.0_171.jdk/Contents/Home/jre/lib/libjsound.dylib
0x00000000231c8000 	/System/Library/Frameworks/CoreMIDI.framework/Versions/A/CoreMIDI
0x00000000231c8000 	/usr/lib/libexpat.1.dylib
0x000000010c086000 	/System/Library/Extensions/AppleHDA.kext/Contents/PlugIns/AppleHDAHALPlugIn.bundle/Contents/MacOS/AppleHDAHALPlugIn
0x00000001269ca000 	/System/Library/Components/CoreAudio.component/Contents/MacOS/CoreAudio
0x00000001276d5000 	/Library/Java/JavaVirtualMachines/jdk1.8.0_171.jdk/Contents/Home/jre/lib/libt2k.dylib
0x00000000231c8000 	/System/Library/PrivateFrameworks/login.framework/Versions/A/login

VM Arguments:
java_command: quantum.jar
java_class_path (initial): quantum.jar
Launcher Type: SUN_STANDARD

Environment Variables:
PATH=/Users/badlogic/.cargo/bin:/Applications/android-sdk/tools:/Applications/android-sdk/platform-tools:/Applications/android-sdk:/Applications/android-ndk:/usr/local/Cellar/ant/1.9.7/bin:/Users/badlogic/workspaces/esotericsoftware/spine-runtimes/spine-cocos2dx/example/cocos2d/templates:/Users/badlogic/workspaces/esotericsoftware/spine-runtimes/spine-cocos2dx/example:/Users/badlogic/workspaces/esotericsoftware/spine-runtimes/spine-cocos2dx/example/cocos2d/tools/cocos2d-console/bin:/usr/local/bin:/usr/bin:/bin:/usr/sbin:/sbin:/Library/Frameworks/Mono.framework/Versions/Current/Commands
SHELL=/bin/bash

Signal Handlers:
SIGSEGV: [libjvm.dylib+0x5b512d], sa_mask[0]=11111111011111110111111111111111, sa_flags=SA_ONSTACK|SA_RESTART|SA_SIGINFO
SIGBUS: [libjvm.dylib+0x5b512d], sa_mask[0]=11111111011111110111111111111111, sa_flags=SA_RESTART|SA_SIGINFO
SIGFPE: [libjvm.dylib+0x48aa90], sa_mask[0]=11111111011111110111111111111111, sa_flags=SA_RESTART|SA_SIGINFO
SIGPIPE: [libjvm.dylib+0x48aa90], sa_mask[0]=11111111011111110111111111111111, sa_flags=SA_RESTART|SA_SIGINFO
SIGXFSZ: [libjvm.dylib+0x48aa90], sa_mask[0]=11111111011111110111111111111111, sa_flags=SA_RESTART|SA_SIGINFO
SIGILL: [libjvm.dylib+0x48aa90], sa_mask[0]=11111111011111110111111111111111, sa_flags=SA_RESTART|SA_SIGINFO
SIGUSR1: SIG_DFL, sa_mask[0]=11011111011111100000000111000110, sa_flags=none
SIGUSR2: [libjvm.dylib+0x48a5ae], sa_mask[0]=00000000000000000000000000000000, sa_flags=SA_RESTART|SA_SIGINFO
SIGHUP: [libjvm.dylib+0x488b79], sa_mask[0]=11111111011111110111111111111111, sa_flags=SA_RESTART|SA_SIGINFO
SIGINT: [libjvm.dylib+0x488b79], sa_mask[0]=11111111011111110111111111111111, sa_flags=SA_RESTART|SA_SIGINFO
SIGTERM: [libjvm.dylib+0x488b79], sa_mask[0]=11111111011111110111111111111111, sa_flags=SA_RESTART|SA_SIGINFO
SIGQUIT: [libjvm.dylib+0x488b79], sa_mask[0]=11111111011111110111111111111111, sa_flags=SA_RESTART|SA_SIGINFO


---------------  S Y S T E M  ---------------

OS:Bsduname:Darwin 17.7.0 Darwin Kernel Version 17.7.0: Thu Jun 21 22:53:14 PDT 2018; root:xnu-4570.71.2~1/RELEASE_X86_64 x86_64
rlimit: STACK 8192k, CORE 0k, NPROC 1418, NOFILE 10240, AS infinity
load average:2.19 2.31 2.44

CPU:total 8 (initial active 8) (4 cores per cpu, 2 threads per core) family 6 model 70 stepping 1, cmov, cx8, fxsr, mmx, sse, sse2, sse3, ssse3, sse4.1, sse4.2, popcnt, avx, avx2, aes, clmul, erms, lzcnt, ht, tsc, tscinvbit, bmi1, bmi2

Memory: 4k page, physical 16777216k(1535540k free)

/proc/meminfo:


vm_info: Java HotSpot(TM) 64-Bit Server VM (25.171-b11) for bsd-amd64 JRE (1.8.0_171-b11), built on Mar 28 2018 12:50:57 by "java_re" with gcc 4.2.1 (Based on Apple Inc. build 5658) (LLVM build 2336.11.00)

time: Thu Aug 30 13:43:57 2018
elapsed time: 166 seconds (0d 0h 2m 46s)

